**********************
Windows PowerShell transcript start
Start time: 20260218120846
Username: MUHAMMAD-SHOAIB\Wajiz.pk
RunAs User: MUHAMMAD-SHOAIB\Wajiz.pk
Configuration Name: 
Machine: MUHAMMAD-SHOAIB (Microsoft Windows NT 10.0.26200.0)
Host Application: C:\WINDOWS\System32\WindowsPowerShell\v1.0\powershell.exe -noexit -command try { . "c:\Users\Wajiz.pk\AppData\Local\Programs\Antigravity\resources\app\out\vs\workbench\contrib\terminal\common\scripts\shellIntegration.ps1" } catch {}
Process ID: 16884
PSVersion: 5.1.26100.7705
PSEdition: Desktop
PSCompatibleVersions: 1.0, 2.0, 3.0, 4.0, 5.0, 5.1.26100.7705
BuildVersion: 10.0.26100.7705
CLRVersion: 4.0.30319.42000
WSManStackVersion: 3.0
PSRemotingProtocolVersion: 2.3
SerializationVersion: 1.1.0.1
**********************
Transcript started, output file is build.log

**********************
Windows PowerShell transcript end
End time: 20260218120915
**********************
